<?xml version="1.0" encoding="UTF-8"?>
<testng-results ignored="0" total="0" passed="0" failed="0" skipped="0">
  <reporter-output>
  </reporter-output>
  <suite started-at="2024-09-13T17:55:33 GMT-08:00" name="nopCommerce" finished-at="2024-09-13T17:55:33 GMT-08:00" duration-ms="23">
    <groups>
    </groups>
    <test started-at="2024-09-13T17:55:33 GMT-08:00" name="chromeTest" finished-at="2024-09-13T17:55:33 GMT-08:00" duration-ms="23">
    </test> <!-- chromeTest -->
  </suite> <!-- nopCommerce -->
</testng-results>
